2026-05-25 14:52:09,971  INFO      text-csv cleaner — starting
2026-05-25 14:52:09,971  INFO      Config : C:\Users\hkawn\OneDrive\Desktop\text.csv\text-csv\config\config.json
2026-05-25 14:52:09,971  INFO      Files to clean : 2
2026-05-25 14:52:09,972  INFO      Cleaning : 1,John,20,Thailand.csv  →  1,John,20,Thailand_clean.csv
2026-05-25 14:52:09,996  INFO        Rows :      3 in  →       3 out
2026-05-25 14:52:09,997  INFO        Dupes removed : 0  |  Nulls replaced : 0  |  Whitespace stripped : 0
2026-05-25 14:52:09,997  INFO        Outliers flagged : 0  |  Outliers removed : 0  |  Elapsed : 0.001s
2026-05-25 14:52:09,998  INFO        Column profiles:
2026-05-25 14:52:09,998  INFO          [1]  numeric  min=2.0  max=4.0  mean=3.0  std=1.0  nulls=0(0.0%)
2026-05-25 14:52:09,998  INFO          [John]  string   unique=3  nulls=0(0.0%)
2026-05-25 14:52:09,998  INFO          [20]  numeric  min=21.0  max=25.0  mean=22.6667  std=2.0817  nulls=0(0.0%)
2026-05-25 14:52:09,998  INFO          [Thailand]  string   unique=3  nulls=0(0.0%)
2026-05-25 14:52:09,999  INFO        Report saved : 1,John,20,Thailand_clean_report.json
2026-05-25 14:52:09,999  INFO      Cleaning : sample.csv  →  sample_clean.csv
2026-05-25 14:52:10,002  INFO        Rows :    100 in  →     100 out
2026-05-25 14:52:10,003  INFO        Dupes removed : 0  |  Nulls replaced : 0  |  Whitespace stripped : 0
2026-05-25 14:52:10,003  INFO        Outliers flagged : 0  |  Outliers removed : 0  |  Elapsed : 0.002s
2026-05-25 14:52:10,003  INFO        Column profiles:
2026-05-25 14:52:10,003  INFO          [name]  string   unique=100  nulls=0(0.0%)
2026-05-25 14:52:10,003  INFO          [age]  numeric  min=20.0  max=59.0  mean=37.7  std=11.2909  nulls=0(0.0%)
2026-05-25 14:52:10,003  INFO          [city]  string   unique=10  nulls=0(0.0%)
2026-05-25 14:52:10,003  INFO          [score]  numeric  min=1.5  max=150.0  mean=75.75  std=43.5172  nulls=0(0.0%)
2026-05-25 14:52:10,004  INFO        Report saved : sample_clean_report.json
2026-05-25 14:52:10,004  INFO      ============================================================
2026-05-25 14:52:10,004  INFO      Completed : 2 / 2 files cleaned successfully
